        -:    0:Source:calculator.c
        -:    0:Graph:calculator.gcno
        -:    0:Data:-
        -:    0:Runs:0
        -:    1:#include<stdio.h>
        -:    2:#include"calculator.h"
    #####:    3:int main()
    %%%%%:    3-block  0
        -:    4:{
        -:    5:  
        -:    6:}
    #####:    7:    int div (int num1, int num2)
        -:    8:   {
    #####:    9:    if(num2==0)
    %%%%%:    9-block  0
    #####:   10:      return 0;
    %%%%%:   10-block  0
    #####:   11:    return num1/num2;
    %%%%%:   11-block  0
        -:   12:    } 
    #####:   13:int sub (int num1, int num2)
        -:   14:{
    #####:   15:    if(num2<=num1)
    %%%%%:   15-block  0
    #####:   16:      return 0;
    %%%%%:   16-block  0
        -:   17:    else
    #####:   18:    return num1-num2;
    %%%%%:   18-block  0
        -:   19:}
    #####:   20:int add (int num1, int num2)
        -:   21:{
    #####:   22:    return num1+num2;
    %%%%%:   22-block  0
        -:   23:}
        -:   24:
        -:   25:
